Re-optimizing dependencies because vite config has changed

  [32m[1mVITE[22m v5.4.21[39m  [2mready in [0m[1m2370[22m[2m[0m ms[22m

  [32m➜[39m  [1mLocal[22m:   [36mhttp://localhost:[1m5173[22m/[39m
  [32m➜[39m  [1mNetwork[22m: [36mhttp://192.168.1.53:[1m5173[22m/[39m
[2m10:39:48[22m [36m[1m[vite][22m[39m [32mhmr update [39m[2m/src/console/FraudScheme4Detail.tsx, /src/index.css[22m
[2m10:47:39[22m [36m[1m[vite][22m[39m [32mhmr update [39m[2m/src/console/CreditKimiOps.tsx, /src/index.css[22m
[2m10:47:40[22m [36m[1m[vite][22m[39m [33mhmr invalidate [39m[2m/src/console/CreditKimiOps.tsx[22m Could not Fast Refresh ("CREDIT_OP_LABEL" export is incompatible). Learn more at https://github.com/vitejs/vite-plugin-react/tree/main/packages/plugin-react#consistent-components-exports
[2m10:47:40[22m [36m[1m[vite][22m[39m [32mhmr update [39m[2m/src/index.css, /src/console/CreditKimiDetail.tsx, /src/console/CreditKimiList.tsx[22m
[2m10:48:59[22m [36m[1m[vite][22m[39m [32mhmr update [39m[2m/src/console/CreditKimiOps.tsx, /src/index.css[22m
[2m10:49:00[22m [36m[1m[vite][22m[39m [33mhmr invalidate [39m[2m/src/console/CreditKimiOps.tsx[22m Could not Fast Refresh ("CREDIT_OP_LABEL" export is incompatible). Learn more at https://github.com/vitejs/vite-plugin-react/tree/main/packages/plugin-react#consistent-components-exports
[2m10:49:00[22m [36m[1m[vite][22m[39m [32mhmr update [39m[2m/src/index.css, /src/console/CreditKimiDetail.tsx, /src/console/CreditKimiList.tsx[22m
[2m10:49:04[22m [36m[1m[vite][22m[39m [32mhmr update [39m[2m/src/console/CreditKimiOps.tsx, /src/index.css[22m
[2m10:49:05[22m [36m[1m[vite][22m[39m [33mhmr invalidate [39m[2m/src/console/CreditKimiOps.tsx[22m Could not Fast Refresh ("CREDIT_OP_LABEL" export is incompatible). Learn more at https://github.com/vitejs/vite-plugin-react/tree/main/packages/plugin-react#consistent-components-exports
[2m10:49:05[22m [36m[1m[vite][22m[39m [32mhmr update [39m[2m/src/index.css, /src/console/CreditKimiDetail.tsx, /src/console/CreditKimiList.tsx[22m
[2m10:49:10[22m [36m[1m[vite][22m[39m [32mhmr update [39m[2m/src/console/CreditKimiList.tsx, /src/index.css[22m
[2m10:49:18[22m [36m[1m[vite][22m[39m [32mhmr update [39m[2m/src/console/CreditKimiList.tsx, /src/index.css[22m
[2m10:49:23[22m [36m[1m[vite][22m[39m [32mhmr update [39m[2m/src/console/CreditKimiList.tsx, /src/index.css[22m
[2m10:49:30[22m [36m[1m[vite][22m[39m [32mhmr update [39m[2m/src/console/CreditKimiList.tsx, /src/index.css[22m
[2m11:01:18[22m [36m[1m[vite][22m[39m [32mhmr update [39m[2m/src/console/CreditKimiDetail.tsx, /src/index.css[22m
[2m11:01:20[22m [36m[1m[vite][22m[39m [32mhmr update [39m[2m/src/console/CreditKimiDetail.tsx, /src/index.css[22m
[2m11:01:39[22m [36m[1m[vite][22m[39m [32mhmr update [39m[2m/src/console/CreditKimiDetail.tsx, /src/index.css[22m
[2m11:08:55[22m [36m[1m[vite][22m[39m [32mhmr update [39m[2m/src/console/CreditKimiList.tsx, /src/index.css[22m
[2m11:15:40[22m [36m[1m[vite][22m[39m [32mhmr update [39m[2m/src/console/CreditKimiDetail.tsx, /src/index.css[22m
[2m11:15:50[22m [36m[1m[vite][22m[39m [32mhmr update [39m[2m/src/console/CreditKimiDetail.tsx, /src/index.css[22m
[2m11:16:01[22m [36m[1m[vite][22m[39m [32mhmr update [39m[2m/src/console/CreditKimiDetail.tsx, /src/index.css[22m
[2m11:16:41[22m [36m[1m[vite][22m[39m [32mhmr update [39m[2m/src/console/CreditKimiDetail.tsx, /src/index.css[22m
[2m11:16:41[22m [36m[1m[vite][22m[39m [32mhmr update [39m[2m/src/console/CreditKimiDetail.tsx, /src/index.css[22m
[2m11:16:45[22m [36m[1m[vite][22m[39m [32mhmr update [39m[2m/src/console/CreditKimiDetail.tsx, /src/index.css[22m
[2m11:16:47[22m [36m[1m[vite][22m[39m [32mhmr update [39m[2m/src/console/CreditKimiDetail.tsx, /src/index.css[22m
[2m11:16:48[22m [36m[1m[vite][22m[39m [32mhmr update [39m[2m/src/console/CreditKimiDetail.tsx, /src/index.css[22m
[2m11:20:03[22m [36m[1m[vite][22m[39m [32mhmr update [39m[2m/src/console/CreditKimiDetail.tsx, /src/index.css[22m
[2m11:20:09[22m [36m[1m[vite][22m[39m [32mhmr update [39m[2m/src/console/CreditKimiDetail.tsx, /src/index.css[22m
[2m11:20:18[22m [36m[1m[vite][22m[39m [32mhmr update [39m[2m/src/console/CreditKimiDetail.tsx, /src/index.css[22m
[2m14:41:51[22m [36m[1m[vite][22m[39m [32mhmr update [39m[2m/src/console/CreditKimiDetail.tsx, /src/index.css[22m
[2m14:42:03[22m [36m[1m[vite][22m[39m [32mhmr update [39m[2m/src/console/CreditKimiDetail.tsx, /src/index.css[22m
[2m14:51:07[22m [36m[1m[vite][22m[39m [32mhmr update [39m[2m/src/console/CreditKimiDetail.tsx, /src/index.css[22m
[2m14:51:15[22m [36m[1m[vite][22m[39m [32mhmr update [39m[2m/src/console/CreditKimiDetail.tsx, /src/index.css[22m
[2m14:51:20[22m [36m[1m[vite][22m[39m [32mhmr update [39m[2m/src/console/CreditKimiDetail.tsx, /src/index.css[22m
[2m14:52:16[22m [36m[1m[vite][22m[39m [32mhmr update [39m[2m/src/console/CreditKimiDetail.tsx, /src/index.css[22m
[2m14:52:22[22m [36m[1m[vite][22m[39m [32mhmr update [39m[2m/src/console/CreditKimiDetail.tsx, /src/index.css[22m
[2m15:17:10[22m [36m[1m[vite][22m[39m [32mhmr update [39m[2m/src/index.css, /src/console/Console.tsx[22m
[2m15:17:20[22m [36m[1m[vite][22m[39m [32mhmr update [39m[2m/src/index.css, /src/console/Console.tsx[22m
[2m15:19:43[22m [36m[1m[vite][22m[39m [32mhmr update [39m[2m/src/console/Console.tsx, /src/index.css[22m
[2m15:19:51[22m [36m[1m[vite][22m[39m [32mhmr update [39m[2m/src/console/Console.tsx, /src/index.css[22m
[2m15:19:59[22m [36m[1m[vite][22m[39m [32mhmr update [39m[2m/src/console/Console.tsx, /src/index.css[22m
[2m15:20:06[22m [36m[1m[vite][22m[39m [32mhmr update [39m[2m/src/console/Console.tsx, /src/index.css[22m
[2m15:20:13[22m [36m[1m[vite][22m[39m [32mhmr update [39m[2m/src/console/Console.tsx, /src/index.css[22m
[2m15:21:17[22m [36m[1m[vite][22m[39m [32mhmr update [39m[2m/src/console/Console.tsx, /src/index.css[22m
[2m15:22:06[22m [36m[1m[vite][22m[39m [32mhmr update [39m[2m/src/console/Console.tsx, /src/index.css[22m
[2m15:25:56[22m [36m[1m[vite][22m[39m [32mhmr update [39m[2m/src/index.css, /src/console/Console.tsx[22m
[2m15:26:50[22m [36m[1m[vite][22m[39m [32mhmr update [39m[2m/src/index.css, /src/console/Console.tsx[22m
[2m15:46:21[22m [36m[1m[vite][22m[39m [32mhmr update [39m[2m/src/index.css, /src/console/CreditKimiOps.tsx, /src/console/CreditKimiDetail.tsx[22m
[2m15:46:22[22m [36m[1m[vite][22m[39m [33mhmr invalidate [39m[2m/src/console/CreditKimiOps.tsx[22m Could not Fast Refresh ("CREDIT_OP_LABEL" export is incompatible). Learn more at https://github.com/vitejs/vite-plugin-react/tree/main/packages/plugin-react#consistent-components-exports
[2m15:46:22[22m [36m[1m[vite][22m[39m [32mhmr update [39m[2m/src/index.css, /src/console/CreditKimiDetail.tsx, /src/console/CreditKimiList.tsx[22m
[2m15:46:30[22m [36m[1m[vite][22m[39m [32mhmr update [39m[2m/src/index.css, /src/console/CreditKimiOps.tsx, /src/console/CreditKimiDetail.tsx[22m
[2m15:46:31[22m [36m[1m[vite][22m[39m [33mhmr invalidate [39m[2m/src/console/CreditKimiOps.tsx[22m Could not Fast Refresh ("CREDIT_OP_LABEL" export is incompatible). Learn more at https://github.com/vitejs/vite-plugin-react/tree/main/packages/plugin-react#consistent-components-exports
[2m15:46:31[22m [36m[1m[vite][22m[39m [32mhmr update [39m[2m/src/index.css, /src/console/CreditKimiDetail.tsx, /src/console/CreditKimiList.tsx[22m
[2m15:46:51[22m [36m[1m[vite][22m[39m [32mhmr update [39m[2m/src/index.css, /src/console/CreditKimiOps.tsx, /src/console/CreditKimiDetail.tsx[22m
[2m15:46:52[22m [36m[1m[vite][22m[39m [33mhmr invalidate [39m[2m/src/console/CreditKimiOps.tsx[22m Could not Fast Refresh ("CREDIT_OP_LABEL" export is incompatible). Learn more at https://github.com/vitejs/vite-plugin-react/tree/main/packages/plugin-react#consistent-components-exports
[2m15:46:52[22m [36m[1m[vite][22m[39m [32mhmr update [39m[2m/src/index.css, /src/console/CreditKimiDetail.tsx, /src/console/CreditKimiList.tsx[22m
[2m15:46:53[22m [36m[1m[vite][22m[39m [32mhmr update [39m[2m/src/index.css, /src/console/Console.tsx[22m
[2m15:47:07[22m [36m[1m[vite][22m[39m [32mhmr update [39m[2m/src/index.css, /src/console/CreditKimiOps.tsx, /src/console/CreditKimiDetail.tsx[22m
[2m15:47:08[22m [36m[1m[vite][22m[39m [33mhmr invalidate [39m[2m/src/console/CreditKimiOps.tsx[22m Could not Fast Refresh ("CREDIT_OP_LABEL" export is incompatible). Learn more at https://github.com/vitejs/vite-plugin-react/tree/main/packages/plugin-react#consistent-components-exports
[2m15:47:08[22m [36m[1m[vite][22m[39m [32mhmr update [39m[2m/src/index.css, /src/console/CreditKimiDetail.tsx, /src/console/CreditKimiList.tsx[22m
[2m15:47:10[22m [36m[1m[vite][22m[39m [32mhmr update [39m[2m/src/index.css, /src/console/Console.tsx[22m
[2m15:47:17[22m [36m[1m[vite][22m[39m [32mhmr update [39m[2m/src/console/Console.tsx, /src/index.css[22m
[2m15:47:24[22m [36m[1m[vite][22m[39m [32mhmr update [39m[2m/src/index.css, /src/console/CreditKimiOps.tsx, /src/console/CreditKimiDetail.tsx[22m
[2m15:47:24[22m [36m[1m[vite][22m[39m [33mhmr invalidate [39m[2m/src/console/CreditKimiOps.tsx[22m Could not Fast Refresh ("CREDIT_OP_LABEL" export is incompatible). Learn more at https://github.com/vitejs/vite-plugin-react/tree/main/packages/plugin-react#consistent-components-exports
[2m15:47:24[22m [36m[1m[vite][22m[39m [32mhmr update [39m[2m/src/index.css, /src/console/CreditKimiDetail.tsx, /src/console/CreditKimiList.tsx[22m
[2m15:47:33[22m [36m[1m[vite][22m[39m [32mhmr update [39m[2m/src/index.css, /src/console/CreditKimiOps.tsx, /src/console/CreditKimiDetail.tsx[22m
[2m15:47:34[22m [36m[1m[vite][22m[39m [33mhmr invalidate [39m[2m/src/console/CreditKimiOps.tsx[22m Could not Fast Refresh ("CREDIT_OP_LABEL" export is incompatible). Learn more at https://github.com/vitejs/vite-plugin-react/tree/main/packages/plugin-react#consistent-components-exports
[2m15:47:34[22m [36m[1m[vite][22m[39m [32mhmr update [39m[2m/src/index.css, /src/console/CreditKimiDetail.tsx, /src/console/CreditKimiList.tsx[22m
[2m15:47:34[22m [36m[1m[vite][22m[39m [32mhmr update [39m[2m/src/console/Console.tsx, /src/index.css[22m
[2m15:47:44[22m [36m[1m[vite][22m[39m [32mhmr update [39m[2m/src/index.css, /src/console/CreditKimiOps.tsx, /src/console/CreditKimiDetail.tsx[22m
[2m15:47:45[22m [36m[1m[vite][22m[39m [33mhmr invalidate [39m[2m/src/console/CreditKimiOps.tsx[22m Could not Fast Refresh ("CREDIT_OP_LABEL" export is incompatible). Learn more at https://github.com/vitejs/vite-plugin-react/tree/main/packages/plugin-react#consistent-components-exports
[2m15:47:45[22m [36m[1m[vite][22m[39m [32mhmr update [39m[2m/src/index.css, /src/console/CreditKimiDetail.tsx, /src/console/CreditKimiList.tsx[22m
[2m15:47:57[22m [36m[1m[vite][22m[39m [32mhmr update [39m[2m/src/index.css, /src/console/CreditKimiOps.tsx, /src/console/CreditKimiDetail.tsx[22m
[2m15:47:58[22m [36m[1m[vite][22m[39m [33mhmr invalidate [39m[2m/src/console/CreditKimiOps.tsx[22m Could not Fast Refresh ("CREDIT_OP_LABEL" export is incompatible). Learn more at https://github.com/vitejs/vite-plugin-react/tree/main/packages/plugin-react#consistent-components-exports
[2m15:47:58[22m [36m[1m[vite][22m[39m [32mhmr update [39m[2m/src/index.css, /src/console/CreditKimiDetail.tsx, /src/console/CreditKimiList.tsx[22m
[2m15:48:07[22m [36m[1m[vite][22m[39m [32mhmr update [39m[2m/src/index.css, /src/console/CreditKimiOps.tsx, /src/console/CreditKimiDetail.tsx[22m
[2m15:48:08[22m [36m[1m[vite][22m[39m [33mhmr invalidate [39m[2m/src/console/CreditKimiOps.tsx[22m Could not Fast Refresh ("CREDIT_OP_LABEL" export is incompatible). Learn more at https://github.com/vitejs/vite-plugin-react/tree/main/packages/plugin-react#consistent-components-exports
[2m15:48:08[22m [36m[1m[vite][22m[39m [32mhmr update [39m[2m/src/index.css, /src/console/CreditKimiDetail.tsx, /src/console/CreditKimiList.tsx[22m
[2m15:48:21[22m [36m[1m[vite][22m[39m [32mhmr update [39m[2m/src/index.css, /src/console/CreditKimiOps.tsx, /src/console/CreditKimiDetail.tsx[22m
[2m15:48:21[22m [36m[1m[vite][22m[39m [33mhmr invalidate [39m[2m/src/console/CreditKimiOps.tsx[22m Could not Fast Refresh ("CREDIT_OP_LABEL" export is incompatible). Learn more at https://github.com/vitejs/vite-plugin-react/tree/main/packages/plugin-react#consistent-components-exports
[2m15:48:21[22m [36m[1m[vite][22m[39m [32mhmr update [39m[2m/src/index.css, /src/console/CreditKimiDetail.tsx, /src/console/CreditKimiList.tsx[22m
[2m15:48:30[22m [36m[1m[vite][22m[39m [32mhmr update [39m[2m/src/index.css, /src/console/CreditKimiOps.tsx, /src/console/CreditKimiDetail.tsx[22m
[2m15:48:30[22m [36m[1m[vite][22m[39m [33mhmr invalidate [39m[2m/src/console/CreditKimiOps.tsx[22m Could not Fast Refresh ("CREDIT_OP_LABEL" export is incompatible). Learn more at https://github.com/vitejs/vite-plugin-react/tree/main/packages/plugin-react#consistent-components-exports
[2m15:48:30[22m [36m[1m[vite][22m[39m [32mhmr update [39m[2m/src/index.css, /src/console/CreditKimiDetail.tsx, /src/console/CreditKimiList.tsx[22m
[2m15:49:48[22m [36m[1m[vite][22m[39m [32mhmr update [39m[2m/src/console/CreditKimiOps.tsx, /src/index.css[22m
[2m15:49:49[22m [36m[1m[vite][22m[39m [33mhmr invalidate [39m[2m/src/console/CreditKimiOps.tsx[22m Could not Fast Refresh (export removed)
[2m15:49:49[22m [36m[1m[vite][22m[39m [32mhmr update [39m[2m/src/index.css, /src/console/CreditKimiDetail.tsx, /src/console/CreditKimiList.tsx[22m
[2m15:50:41[22m [36m[1m[vite][22m[39m [32mhmr update [39m[2m/src/console/CreditKimiDetail.tsx, /src/index.css[22m
[2m15:51:10[22m [36m[1m[vite][22m[39m [32mhmr update [39m[2m/src/console/Console.tsx, /src/index.css[22m
[2m15:51:13[22m [36m[1m[vite][22m[39m [32mhmr update [39m[2m/src/console/CreditKimiDetail.tsx, /src/index.css[22m
[2m15:51:23[22m [36m[1m[vite][22m[39m [32mhmr update [39m[2m/src/console/CreditKimiDetail.tsx, /src/index.css[22m
[2m15:51:34[22m [36m[1m[vite][22m[39m [32mhmr update [39m[2m/src/console/CreditKimiDetail.tsx, /src/index.css[22m
[2m15:51:44[22m [36m[1m[vite][22m[39m [32mhmr update [39m[2m/src/console/CreditKimiDetail.tsx, /src/index.css[22m
[2m15:52:08[22m [36m[1m[vite][22m[39m [32mhmr update [39m[2m/src/console/CreditKimiDetail.tsx, /src/index.css[22m
[2m15:52:28[22m [36m[1m[vite][22m[39m [32mhmr update [39m[2m/src/console/CreditKimiDetail.tsx, /src/index.css[22m
[2m15:52:43[22m [36m[1m[vite][22m[39m [32mhmr update [39m[2m/src/console/CreditKimiDetail.tsx, /src/index.css[22m
[2m15:54:22[22m [36m[1m[vite][22m[39m [32mhmr update [39m[2m/src/console/CreditKimiList.tsx, /src/index.css[22m
[2m15:54:32[22m [36m[1m[vite][22m[39m [32mhmr update [39m[2m/src/console/CreditKimiList.tsx, /src/index.css[22m
[2m15:54:45[22m [36m[1m[vite][22m[39m [32mhmr update [39m[2m/src/console/CreditKimiList.tsx, /src/index.css[22m
[2m15:54:57[22m [36m[1m[vite][22m[39m [32mhmr update [39m[2m/src/console/CreditKimiList.tsx, /src/index.css[22m
[2m15:55:06[22m [36m[1m[vite][22m[39m [32mhmr update [39m[2m/src/console/CreditKimiList.tsx, /src/index.css[22m
[2m15:55:06[22m [36m[1m[vite][22m[39m [32mhmr update [39m[2m/src/console/CreditKimiList.tsx, /src/index.css[22m
[2m15:55:15[22m [36m[1m[vite][22m[39m [32mhmr update [39m[2m/src/console/CreditKimiList.tsx, /src/index.css[22m
[2m15:55:26[22m [36m[1m[vite][22m[39m [32mhmr update [39m[2m/src/console/CreditKimiList.tsx, /src/index.css[22m
[2m15:55:41[22m [36m[1m[vite][22m[39m [32mhmr update [39m[2m/src/console/CreditKimiList.tsx, /src/index.css[22m
[2m15:55:53[22m [36m[1m[vite][22m[39m [32mhmr update [39m[2m/src/console/CreditKimiList.tsx, /src/index.css[22m
[2m15:55:53[22m [36m[1m[vite][22m[39m [32mhmr update [39m[2m/src/console/CreditKimiList.tsx, /src/index.css[22m
[2m15:55:53[22m [36m[1m[vite][22m[39m [32mhmr update [39m[2m/src/console/CreditKimiList.tsx, /src/index.css[22m
[2m15:56:06[22m [36m[1m[vite][22m[39m [32mhmr update [39m[2m/src/console/CreditKimiList.tsx, /src/index.css[22m
[2m15:56:22[22m [36m[1m[vite][22m[39m [32mhmr update [39m[2m/src/console/CreditKimiList.tsx, /src/index.css[22m
[2m15:56:32[22m [36m[1m[vite][22m[39m [32mhmr update [39m[2m/src/index.css, /src/console/Console.tsx[22m
[2m15:57:01[22m [36m[1m[vite][22m[39m [32mhmr update [39m[2m/src/index.css, /src/console/Console.tsx[22m
[2m15:57:09[22m [36m[1m[vite][22m[39m [32mhmr update [39m[2m/src/index.css, /src/console/CreditKimiOps.tsx, /src/console/CreditKimiDetail.tsx, /src/console/CreditKimiList.tsx[22m
[2m15:57:11[22m [36m[1m[vite][22m[39m [33mhmr invalidate [39m[2m/src/console/CreditKimiOps.tsx[22m Could not Fast Refresh ("CREDIT_OP_LABEL" export is incompatible). Learn more at https://github.com/vitejs/vite-plugin-react/tree/main/packages/plugin-react#consistent-components-exports
[2m15:57:11[22m [36m[1m[vite][22m[39m [32mhmr update [39m[2m/src/index.css, /src/console/CreditKimiDetail.tsx, /src/console/CreditKimiList.tsx[22m
[2m15:57:25[22m [36m[1m[vite][22m[39m [32mhmr update [39m[2m/src/console/CreditKimiList.tsx, /src/index.css[22m
[2m15:57:34[22m [36m[1m[vite][22m[39m [32mhmr update [39m[2m/src/console/CreditKimiDetail.tsx, /src/index.css[22m
[2m16:00:24[22m [36m[1m[vite][22m[39m [32mhmr update [39m[2m/src/index.css, /src/console/Console.tsx[22m
[2m16:00:24[22m [36m[1m[vite][22m[39m [32mhmr update [39m[2m/src/index.css, /src/console/Console.tsx[22m
[2m16:00:45[22m [36m[1m[vite][22m[39m [32mhmr update [39m[2m/src/index.css, /src/console/Console.tsx[22m
[2m16:01:45[22m [36m[1m[vite][22m[39m [32mhmr update [39m[2m/src/index.css, /src/console/Console.tsx[22m
[2m16:02:54[22m [36m[1m[vite][22m[39m [32mhmr update [39m[2m/src/index.css, /src/console/Console.tsx[22m
[2m16:03:35[22m [36m[1m[vite][22m[39m [32mhmr update [39m[2m/src/index.css, /src/console/Console.tsx[22m
[2m16:13:17[22m [36m[1m[vite][22m[39m [32mhmr update [39m[2m/src/index.css, /src/console/Console.tsx[22m
[2m16:19:43[22m [36m[1m[vite][22m[39m [32mhmr update [39m[2m/src/console/CreditKimiDetail.tsx, /src/index.css[22m
[2m16:19:49[22m [36m[1m[vite][22m[39m [32mhmr update [39m[2m/src/console/CreditKimiDetail.tsx, /src/index.css[22m
[2m16:19:52[22m [36m[1m[vite][22m[39m [32mhmr update [39m[2m/src/console/CreditKimiDetail.tsx, /src/index.css[22m
[2m16:19:57[22m [36m[1m[vite][22m[39m [32mhmr update [39m[2m/src/console/CreditKimiDetail.tsx, /src/index.css[22m
[2m16:20:08[22m [36m[1m[vite][22m[39m [32mhmr update [39m[2m/src/index.css, /src/console/CreditKimiOps.tsx, /src/console/CreditKimiDetail.tsx, /src/console/CreditKimiList.tsx[22m
[2m16:20:08[22m [36m[1m[vite][22m[39m [33mhmr invalidate [39m[2m/src/console/CreditKimiOps.tsx[22m Could not Fast Refresh ("CREDIT_OP_LABEL" export is incompatible). Learn more at https://github.com/vitejs/vite-plugin-react/tree/main/packages/plugin-react#consistent-components-exports
[2m16:20:08[22m [36m[1m[vite][22m[39m [32mhmr update [39m[2m/src/index.css, /src/console/CreditKimiDetail.tsx, /src/console/CreditKimiList.tsx[22m
[2m16:20:10[22m [36m[1m[vite][22m[39m [32mhmr update [39m[2m/src/index.css, /src/console/CreditKimiOps.tsx, /src/console/CreditKimiDetail.tsx, /src/console/CreditKimiList.tsx[22m
[2m16:20:11[22m [36m[1m[vite][22m[39m [33mhmr invalidate [39m[2m/src/console/CreditKimiOps.tsx[22m Could not Fast Refresh ("CREDIT_OP_LABEL" export is incompatible). Learn more at https://github.com/vitejs/vite-plugin-react/tree/main/packages/plugin-react#consistent-components-exports
[2m16:20:11[22m [36m[1m[vite][22m[39m [32mhmr update [39m[2m/src/index.css, /src/console/CreditKimiDetail.tsx, /src/console/CreditKimiList.tsx[22m
[2m16:20:15[22m [36m[1m[vite][22m[39m [32mhmr update [39m[2m/src/index.css, /src/console/CreditKimiOps.tsx, /src/console/CreditKimiDetail.tsx, /src/console/CreditKimiList.tsx[22m
[2m16:20:16[22m [36m[1m[vite][22m[39m [33mhmr invalidate [39m[2m/src/console/CreditKimiOps.tsx[22m Could not Fast Refresh ("CREDIT_OP_LABEL" export is incompatible). Learn more at https://github.com/vitejs/vite-plugin-react/tree/main/packages/plugin-react#consistent-components-exports
[2m16:20:16[22m [36m[1m[vite][22m[39m [32mhmr update [39m[2m/src/index.css, /src/console/CreditKimiDetail.tsx, /src/console/CreditKimiList.tsx[22m
[2m16:20:20[22m [36m[1m[vite][22m[39m [32mhmr update [39m[2m/src/index.css, /src/console/CreditKimiOps.tsx, /src/console/CreditKimiDetail.tsx, /src/console/CreditKimiList.tsx[22m
[2m16:20:22[22m [36m[1m[vite][22m[39m [33mhmr invalidate [39m[2m/src/console/CreditKimiOps.tsx[22m Could not Fast Refresh ("CREDIT_OP_LABEL" export is incompatible). Learn more at https://github.com/vitejs/vite-plugin-react/tree/main/packages/plugin-react#consistent-components-exports
[2m16:20:22[22m [36m[1m[vite][22m[39m [32mhmr update [39m[2m/src/index.css, /src/console/CreditKimiDetail.tsx, /src/console/CreditKimiList.tsx[22m
[2m16:20:22[22m [36m[1m[vite][22m[39m [32mhmr update [39m[2m/src/index.css, /src/console/CreditKimiOps.tsx, /src/console/CreditKimiDetail.tsx, /src/console/CreditKimiList.tsx[22m
[2m16:20:22[22m [36m[1m[vite][22m[39m [33mhmr invalidate [39m[2m/src/console/CreditKimiOps.tsx[22m Could not Fast Refresh ("CREDIT_OP_LABEL" export is incompatible). Learn more at https://github.com/vitejs/vite-plugin-react/tree/main/packages/plugin-react#consistent-components-exports
[2m16:20:22[22m [36m[1m[vite][22m[39m [32mhmr update [39m[2m/src/index.css, /src/console/CreditKimiDetail.tsx, /src/console/CreditKimiList.tsx[22m
[2m16:20:23[22m [36m[1m[vite][22m[39m [32mhmr update [39m[2m/src/index.css, /src/console/CreditKimiOps.tsx, /src/console/CreditKimiDetail.tsx, /src/console/CreditKimiList.tsx[22m
[2m16:20:24[22m [36m[1m[vite][22m[39m [33mhmr invalidate [39m[2m/src/console/CreditKimiOps.tsx[22m Could not Fast Refresh ("CREDIT_OP_LABEL" export is incompatible). Learn more at https://github.com/vitejs/vite-plugin-react/tree/main/packages/plugin-react#consistent-components-exports
[2m16:20:24[22m [36m[1m[vite][22m[39m [32mhmr update [39m[2m/src/index.css, /src/console/CreditKimiDetail.tsx, /src/console/CreditKimiList.tsx[22m
[2m16:25:40[22m [36m[1m[vite][22m[39m [32mhmr update [39m[2m/src/console/VerifyOps.tsx, /src/index.css[22m
[2m16:25:41[22m [36m[1m[vite][22m[39m [33mhmr invalidate [39m[2m/src/console/VerifyOps.tsx[22m Could not Fast Refresh ("OP_LABEL" export is incompatible). Learn more at https://github.com/vitejs/vite-plugin-react/tree/main/packages/plugin-react#consistent-components-exports
[2m16:25:41[22m [36m[1m[vite][22m[39m [32mhmr update [39m[2m/src/index.css, /src/console/InfoVerifyList.tsx, /src/console/PreVerifyDetail.tsx[22m
[2m16:25:44[22m [36m[1m[vite][22m[39m [32mhmr update [39m[2m/src/console/VerifyOps.tsx, /src/index.css[22m
[2m16:25:45[22m [36m[1m[vite][22m[39m [33mhmr invalidate [39m[2m/src/console/VerifyOps.tsx[22m Could not Fast Refresh ("OP_LABEL" export is incompatible). Learn more at https://github.com/vitejs/vite-plugin-react/tree/main/packages/plugin-react#consistent-components-exports
[2m16:25:45[22m [36m[1m[vite][22m[39m [32mhmr update [39m[2m/src/index.css, /src/console/InfoVerifyList.tsx, /src/console/PreVerifyDetail.tsx[22m
[2m16:25:55[22m [36m[1m[vite][22m[39m [32mhmr update [39m[2m/src/console/VerifyOps.tsx, /src/index.css[22m
[2m16:25:56[22m [36m[1m[vite][22m[39m [33mhmr invalidate [39m[2m/src/console/VerifyOps.tsx[22m Could not Fast Refresh ("OP_LABEL" export is incompatible). Learn more at https://github.com/vitejs/vite-plugin-react/tree/main/packages/plugin-react#consistent-components-exports
[2m16:25:56[22m [36m[1m[vite][22m[39m [32mhmr update [39m[2m/src/index.css, /src/console/InfoVerifyList.tsx, /src/console/PreVerifyDetail.tsx[22m
[2m16:25:56[22m [36m[1m[vite][22m[39m [32mhmr update [39m[2m/src/console/VerifyOps.tsx, /src/index.css[22m
[2m16:25:57[22m [36m[1m[vite][22m[39m [33mhmr invalidate [39m[2m/src/console/VerifyOps.tsx[22m Could not Fast Refresh ("OP_LABEL" export is incompatible). Learn more at https://github.com/vitejs/vite-plugin-react/tree/main/packages/plugin-react#consistent-components-exports
[2m16:25:57[22m [36m[1m[vite][22m[39m [32mhmr update [39m[2m/src/index.css, /src/console/InfoVerifyList.tsx, /src/console/PreVerifyDetail.tsx[22m
[2m16:25:57[22m [36m[1m[vite][22m[39m [32mhmr update [39m[2m/src/console/VerifyOps.tsx, /src/index.css[22m
[2m16:25:58[22m [36m[1m[vite][22m[39m [33mhmr invalidate [39m[2m/src/console/VerifyOps.tsx[22m Could not Fast Refresh ("OP_LABEL" export is incompatible). Learn more at https://github.com/vitejs/vite-plugin-react/tree/main/packages/plugin-react#consistent-components-exports
[2m16:25:58[22m [36m[1m[vite][22m[39m [32mhmr update [39m[2m/src/index.css, /src/console/InfoVerifyList.tsx, /src/console/PreVerifyDetail.tsx[22m
[2m16:26:00[22m [36m[1m[vite][22m[39m [32mhmr update [39m[2m/src/console/VerifyOps.tsx, /src/index.css[22m
[2m16:26:02[22m [36m[1m[vite][22m[39m [33mhmr invalidate [39m[2m/src/console/VerifyOps.tsx[22m Could not Fast Refresh ("OP_LABEL" export is incompatible). Learn more at https://github.com/vitejs/vite-plugin-react/tree/main/packages/plugin-react#consistent-components-exports
[2m16:26:02[22m [36m[1m[vite][22m[39m [32mhmr update [39m[2m/src/index.css, /src/console/InfoVerifyList.tsx, /src/console/PreVerifyDetail.tsx[22m
[2m16:26:03[22m [36m[1m[vite][22m[39m [32mhmr update [39m[2m/src/console/VerifyOps.tsx, /src/index.css[22m
[2m16:26:04[22m [36m[1m[vite][22m[39m [33mhmr invalidate [39m[2m/src/console/VerifyOps.tsx[22m Could not Fast Refresh ("OP_LABEL" export is incompatible). Learn more at https://github.com/vitejs/vite-plugin-react/tree/main/packages/plugin-react#consistent-components-exports
[2m16:26:04[22m [36m[1m[vite][22m[39m [32mhmr update [39m[2m/src/index.css, /src/console/InfoVerifyList.tsx, /src/console/PreVerifyDetail.tsx[22m
[2m16:26:06[22m [36m[1m[vite][22m[39m [32mhmr update [39m[2m/src/console/InfoVerifyList.tsx, /src/index.css[22m
[2m16:26:07[22m [36m[1m[vite][22m[39m [32mhmr update [39m[2m/src/console/InfoVerifyList.tsx, /src/index.css[22m
[2m16:26:08[22m [36m[1m[vite][22m[39m [32mhmr update [39m[2m/src/console/InfoVerifyList.tsx, /src/index.css[22m
[2m16:26:10[22m [36m[1m[vite][22m[39m [32mhmr update [39m[2m/src/console/InfoVerifyList.tsx, /src/index.css[22m
[2m16:28:14[22m [36m[1m[vite][22m[39m [32mhmr update [39m[2m/src/console/InfoVerifyList.tsx, /src/index.css[22m
[2m16:28:16[22m [36m[1m[vite][22m[39m [32mhmr update [39m[2m/src/console/InfoVerifyList.tsx, /src/index.css[22m
[2m16:28:18[22m [36m[1m[vite][22m[39m [32mhmr update [39m[2m/src/console/InfoVerifyList.tsx, /src/index.css[22m
[2m16:28:21[22m [36m[1m[vite][22m[39m [32mhmr update [39m[2m/src/console/InfoVerifyList.tsx, /src/index.css[22m
[2m16:32:06[22m [36m[1m[vite][22m[39m [32mhmr update [39m[2m/src/console/InfoVerifyList.tsx, /src/index.css[22m
[2m16:32:09[22m [36m[1m[vite][22m[39m [32mhmr update [39m[2m/src/console/InfoVerifyList.tsx, /src/index.css[22m
[2m16:32:11[22m [36m[1m[vite][22m[39m [32mhmr update [39m[2m/src/console/InfoVerifyList.tsx, /src/index.css[22m
[2m16:32:44[22m [36m[1m[vite][22m[39m [32mhmr update [39m[2m/src/console/VerifyOps.tsx, /src/index.css[22m
[2m16:32:46[22m [36m[1m[vite][22m[39m [33mhmr invalidate [39m[2m/src/console/VerifyOps.tsx[22m Could not Fast Refresh ("OP_LABEL" export is incompatible). Learn more at https://github.com/vitejs/vite-plugin-react/tree/main/packages/plugin-react#consistent-components-exports
[2m16:32:46[22m [36m[1m[vite][22m[39m [32mhmr update [39m[2m/src/index.css, /src/console/InfoVerifyList.tsx, /src/console/PreVerifyDetail.tsx[22m
[2m16:32:51[22m [36m[1m[vite][22m[39m [32mhmr update [39m[2m/src/console/VerifyOps.tsx, /src/index.css[22m
[2m16:32:52[22m [36m[1m[vite][22m[39m [33mhmr invalidate [39m[2m/src/console/VerifyOps.tsx[22m Could not Fast Refresh ("OP_LABEL" export is incompatible). Learn more at https://github.com/vitejs/vite-plugin-react/tree/main/packages/plugin-react#consistent-components-exports
[2m16:32:52[22m [36m[1m[vite][22m[39m [32mhmr update [39m[2m/src/index.css, /src/console/InfoVerifyList.tsx, /src/console/PreVerifyDetail.tsx[22m
[2m16:32:53[22m [36m[1m[vite][22m[39m [32mhmr update [39m[2m/src/console/VerifyOps.tsx, /src/index.css[22m
[2m16:32:53[22m [36m[1m[vite][22m[39m [33mhmr invalidate [39m[2m/src/console/VerifyOps.tsx[22m Could not Fast Refresh ("OP_LABEL" export is incompatible). Learn more at https://github.com/vitejs/vite-plugin-react/tree/main/packages/plugin-react#consistent-components-exports
[2m16:32:53[22m [36m[1m[vite][22m[39m [32mhmr update [39m[2m/src/index.css, /src/console/InfoVerifyList.tsx, /src/console/PreVerifyDetail.tsx[22m
[2m16:32:56[22m [36m[1m[vite][22m[39m [32mhmr update [39m[2m/src/console/VerifyOps.tsx, /src/index.css[22m
[2m16:32:57[22m [36m[1m[vite][22m[39m [33mhmr invalidate [39m[2m/src/console/VerifyOps.tsx[22m Could not Fast Refresh ("OP_LABEL" export is incompatible). Learn more at https://github.com/vitejs/vite-plugin-react/tree/main/packages/plugin-react#consistent-components-exports
[2m16:32:57[22m [36m[1m[vite][22m[39m [32mhmr update [39m[2m/src/index.css, /src/console/InfoVerifyList.tsx, /src/console/PreVerifyDetail.tsx[22m
[2m16:33:45[22m [36m[1m[vite][22m[39m [32mhmr update [39m[2m/src/console/VerifyOps.tsx, /src/index.css[22m
[2m16:33:45[22m [36m[1m[vite][22m[39m [33mhmr invalidate [39m[2m/src/console/VerifyOps.tsx[22m Could not Fast Refresh ("OP_LABEL" export is incompatible). Learn more at https://github.com/vitejs/vite-plugin-react/tree/main/packages/plugin-react#consistent-components-exports
[2m16:33:45[22m [36m[1m[vite][22m[39m [32mhmr update [39m[2m/src/index.css, /src/console/InfoVerifyList.tsx, /src/console/PreVerifyDetail.tsx[22m
[2m16:33:48[22m [36m[1m[vite][22m[39m [32mhmr update [39m[2m/src/console/VerifyOps.tsx, /src/index.css[22m
[2m16:33:48[22m [36m[1m[vite][22m[39m [33mhmr invalidate [39m[2m/src/console/VerifyOps.tsx[22m Could not Fast Refresh ("OP_LABEL" export is incompatible). Learn more at https://github.com/vitejs/vite-plugin-react/tree/main/packages/plugin-react#consistent-components-exports
[2m16:33:48[22m [36m[1m[vite][22m[39m [32mhmr update [39m[2m/src/index.css, /src/console/InfoVerifyList.tsx, /src/console/PreVerifyDetail.tsx[22m
[2m16:33:49[22m [36m[1m[vite][22m[39m [32mhmr update [39m[2m/src/console/VerifyOps.tsx, /src/index.css[22m
[2m16:33:50[22m [36m[1m[vite][22m[39m [33mhmr invalidate [39m[2m/src/console/VerifyOps.tsx[22m Could not Fast Refresh ("OP_LABEL" export is incompatible). Learn more at https://github.com/vitejs/vite-plugin-react/tree/main/packages/plugin-react#consistent-components-exports
[2m16:33:50[22m [36m[1m[vite][22m[39m [32mhmr update [39m[2m/src/index.css, /src/console/InfoVerifyList.tsx, /src/console/PreVerifyDetail.tsx[22m
[2m16:33:51[22m [36m[1m[vite][22m[39m [32mhmr update [39m[2m/src/console/VerifyOps.tsx, /src/index.css[22m
[2m16:33:52[22m [36m[1m[vite][22m[39m [33mhmr invalidate [39m[2m/src/console/VerifyOps.tsx[22m Could not Fast Refresh ("OP_LABEL" export is incompatible). Learn more at https://github.com/vitejs/vite-plugin-react/tree/main/packages/plugin-react#consistent-components-exports
[2m16:33:52[22m [36m[1m[vite][22m[39m [32mhmr update [39m[2m/src/index.css, /src/console/InfoVerifyList.tsx, /src/console/PreVerifyDetail.tsx[22m
[2m16:33:55[22m [36m[1m[vite][22m[39m [32mhmr update [39m[2m/src/console/VerifyOps.tsx, /src/index.css[22m
[2m16:33:56[22m [36m[1m[vite][22m[39m [33mhmr invalidate [39m[2m/src/console/VerifyOps.tsx[22m Could not Fast Refresh ("OP_LABEL" export is incompatible). Learn more at https://github.com/vitejs/vite-plugin-react/tree/main/packages/plugin-react#consistent-components-exports
[2m16:33:56[22m [36m[1m[vite][22m[39m [32mhmr update [39m[2m/src/index.css, /src/console/InfoVerifyList.tsx, /src/console/PreVerifyDetail.tsx[22m
[2m16:33:58[22m [36m[1m[vite][22m[39m [32mhmr update [39m[2m/src/console/VerifyOps.tsx, /src/index.css[22m
[2m16:33:59[22m [36m[1m[vite][22m[39m [33mhmr invalidate [39m[2m/src/console/VerifyOps.tsx[22m Could not Fast Refresh ("OP_LABEL" export is incompatible). Learn more at https://github.com/vitejs/vite-plugin-react/tree/main/packages/plugin-react#consistent-components-exports
[2m16:33:59[22m [36m[1m[vite][22m[39m [32mhmr update [39m[2m/src/index.css, /src/console/InfoVerifyList.tsx, /src/console/PreVerifyDetail.tsx[22m
[2m16:34:54[22m [36m[1m[vite][22m[39m [32mhmr update [39m[2m/src/console/VerifyOps.tsx, /src/index.css[22m
[2m16:34:55[22m [36m[1m[vite][22m[39m [33mhmr invalidate [39m[2m/src/console/VerifyOps.tsx[22m Could not Fast Refresh ("OP_LABEL" export is incompatible). Learn more at https://github.com/vitejs/vite-plugin-react/tree/main/packages/plugin-react#consistent-components-exports
[2m16:34:55[22m [36m[1m[vite][22m[39m [32mhmr update [39m[2m/src/index.css, /src/console/InfoVerifyList.tsx, /src/console/PreVerifyDetail.tsx[22m
[2m16:43:10[22m [36m[1m[vite][22m[39m [32mhmr update [39m[2m/src/index.css, /src/console/FraudScheme4Detail.tsx[22m
[2m16:43:16[22m [36m[1m[vite][22m[39m [32mhmr update [39m[2m/src/index.css, /src/console/FraudScheme4Detail.tsx[22m
[2m16:43:28[22m [36m[1m[vite][22m[39m [32mhmr update [39m[2m/src/console/FraudScheme4Ops.tsx, /src/index.css[22m
[2m16:43:29[22m [36m[1m[vite][22m[39m [33mhmr invalidate [39m[2m/src/console/FraudScheme4Ops.tsx[22m Could not Fast Refresh ("FRAUD_S4_OP_LABEL" export is incompatible). Learn more at https://github.com/vitejs/vite-plugin-react/tree/main/packages/plugin-react#consistent-components-exports
[2m16:43:29[22m [36m[1m[vite][22m[39m [32mhmr update [39m[2m/src/index.css, /src/console/FraudScheme4List.tsx, /src/console/FraudScheme4Detail.tsx[22m
[2m16:43:34[22m [36m[1m[vite][22m[39m [32mhmr update [39m[2m/src/console/FraudScheme4Ops.tsx, /src/index.css[22m
[2m16:43:35[22m [36m[1m[vite][22m[39m [33mhmr invalidate [39m[2m/src/console/FraudScheme4Ops.tsx[22m Could not Fast Refresh ("FRAUD_S4_OP_LABEL" export is incompatible). Learn more at https://github.com/vitejs/vite-plugin-react/tree/main/packages/plugin-react#consistent-components-exports
[2m16:43:35[22m [36m[1m[vite][22m[39m [32mhmr update [39m[2m/src/index.css, /src/console/FraudScheme4List.tsx, /src/console/FraudScheme4Detail.tsx[22m
[2m16:43:37[22m [36m[1m[vite][22m[39m [32mhmr update [39m[2m/src/console/FraudScheme4Ops.tsx, /src/index.css[22m
[2m16:43:37[22m [36m[1m[vite][22m[39m [33mhmr invalidate [39m[2m/src/console/FraudScheme4Ops.tsx[22m Could not Fast Refresh ("FRAUD_S4_OP_LABEL" export is incompatible). Learn more at https://github.com/vitejs/vite-plugin-react/tree/main/packages/plugin-react#consistent-components-exports
[2m16:43:37[22m [36m[1m[vite][22m[39m [32mhmr update [39m[2m/src/index.css, /src/console/FraudScheme4List.tsx, /src/console/FraudScheme4Detail.tsx[22m
[2m16:43:40[22m [36m[1m[vite][22m[39m [32mhmr update [39m[2m/src/console/FraudScheme4Ops.tsx, /src/index.css[22m
[2m16:43:41[22m [36m[1m[vite][22m[39m [33mhmr invalidate [39m[2m/src/console/FraudScheme4Ops.tsx[22m Could not Fast Refresh ("FRAUD_S4_OP_LABEL" export is incompatible). Learn more at https://github.com/vitejs/vite-plugin-react/tree/main/packages/plugin-react#consistent-components-exports
[2m16:43:41[22m [36m[1m[vite][22m[39m [32mhmr update [39m[2m/src/index.css, /src/console/FraudScheme4List.tsx, /src/console/FraudScheme4Detail.tsx[22m
[2m16:43:43[22m [36m[1m[vite][22m[39m [32mhmr update [39m[2m/src/console/FraudScheme4Ops.tsx, /src/index.css[22m
[2m16:43:44[22m [36m[1m[vite][22m[39m [33mhmr invalidate [39m[2m/src/console/FraudScheme4Ops.tsx[22m Could not Fast Refresh ("FRAUD_S4_OP_LABEL" export is incompatible). Learn more at https://github.com/vitejs/vite-plugin-react/tree/main/packages/plugin-react#consistent-components-exports
[2m16:43:44[22m [36m[1m[vite][22m[39m [32mhmr update [39m[2m/src/index.css, /src/console/FraudScheme4List.tsx, /src/console/FraudScheme4Detail.tsx[22m
[2m16:43:49[22m [36m[1m[vite][22m[39m [32mhmr update [39m[2m/src/console/FraudScheme4Ops.tsx, /src/index.css[22m
[2m16:43:50[22m [36m[1m[vite][22m[39m [33mhmr invalidate [39m[2m/src/console/FraudScheme4Ops.tsx[22m Could not Fast Refresh ("FRAUD_S4_OP_LABEL" export is incompatible). Learn more at https://github.com/vitejs/vite-plugin-react/tree/main/packages/plugin-react#consistent-components-exports
[2m16:43:50[22m [36m[1m[vite][22m[39m [32mhmr update [39m[2m/src/index.css, /src/console/FraudScheme4List.tsx, /src/console/FraudScheme4Detail.tsx[22m
[2m16:43:54[22m [36m[1m[vite][22m[39m [32mhmr update [39m[2m/src/console/FraudScheme4Ops.tsx, /src/index.css[22m
[2m16:43:55[22m [36m[1m[vite][22m[39m [33mhmr invalidate [39m[2m/src/console/FraudScheme4Ops.tsx[22m Could not Fast Refresh ("FRAUD_S4_OP_LABEL" export is incompatible). Learn more at https://github.com/vitejs/vite-plugin-react/tree/main/packages/plugin-react#consistent-components-exports
[2m16:43:55[22m [36m[1m[vite][22m[39m [32mhmr update [39m[2m/src/index.css, /src/console/FraudScheme4List.tsx, /src/console/FraudScheme4Detail.tsx[22m
[2m16:43:59[22m [36m[1m[vite][22m[39m [32mhmr update [39m[2m/src/console/FraudScheme4Ops.tsx, /src/index.css[22m
[2m16:44:00[22m [36m[1m[vite][22m[39m [33mhmr invalidate [39m[2m/src/console/FraudScheme4Ops.tsx[22m Could not Fast Refresh ("FRAUD_S4_OP_LABEL" export is incompatible). Learn more at https://github.com/vitejs/vite-plugin-react/tree/main/packages/plugin-react#consistent-components-exports
[2m16:44:00[22m [36m[1m[vite][22m[39m [32mhmr update [39m[2m/src/index.css, /src/console/FraudScheme4List.tsx, /src/console/FraudScheme4Detail.tsx[22m
[2m16:44:11[22m [36m[1m[vite][22m[39m [32mhmr update [39m[2m/src/console/FraudScheme4List.tsx, /src/index.css[22m
[2m16:44:13[22m [36m[1m[vite][22m[39m [32mhmr update [39m[2m/src/console/FraudScheme4List.tsx, /src/index.css[22m
[2m16:44:18[22m [36m[1m[vite][22m[39m [32mhmr update [39m[2m/src/console/FraudScheme4Detail.tsx, /src/index.css[22m
